<?xml version="1.0" encoding="UTF-8"?>
<testsuite name="com.home_assistant.logs_api.LogsApiApplicationTests" tests="1" skipped="0" failures="0" errors="0" timestamp="2025-07-14T19:51:12.889Z" hostname="MacBook-Pro-de-Claudio.local" time="0.915">
  <properties/>
  <testcase name="contextLoads()" classname="com.home_assistant.logs_api.LogsApiApplicationTests" time="0.915"/>
  <system-out><![CDATA[16:51:10.904 [Test worker] INFO org.springframework.test.context.support.AnnotationConfigContextLoaderUtils -- Could not detect default configuration classes for test class [com.home_assistant.logs_api.LogsApiApplicationTests]: LogsApiApplicationTests does not declare any static, non-private, non-final, nested classes annotated with @Configuration.
16:51:11.242 [Test worker] INFO org.springframework.boot.test.context.SpringBootTestContextBootstrapper -- Found @SpringBootConfiguration com.home_assistant.logs_api.LogsApiApplication for test class com.home_assistant.logs_api.LogsApiApplicationTests

  .   ____          _            __ _ _
 /\\ / ___'_ __ _ _(_)_ __  __ _ \ \ \ \
( ( )\___ | '_ | '_| | '_ \/ _` | \ \ \ \
 \\/  ___)| |_)| | | | | || (_| |  ) ) ) )
  '  |____| .__|_| |_|_| |_\__, | / / / /
 =========|_|==============|___/=/_/_/_/

 :: Spring Boot ::                (v3.5.3)

2025-07-14T16:51:11.826-03:00  INFO 54750 --- [logs-api] [    Test worker] c.h.logs_api.LogsApiApplicationTests     : Starting LogsApiApplicationTests using Java 21.0.6 with PID 54750 (started by claudiolourenco in /Users/claudiolourenco/projects/home-assistant-log-api)
2025-07-14T16:51:11.828-03:00  INFO 54750 --- [logs-api] [    Test worker] c.h.logs_api.LogsApiApplicationTests     : No active profile set, falling back to 1 default profile: "default"
2025-07-14T16:51:12.873-03:00  INFO 54750 --- [logs-api] [    Test worker] c.h.logs_api.LogsApiApplicationTests     : Started LogsApiApplicationTests in 1.45 seconds (process running for 3.386)
]]></system-out>
  <system-err><![CDATA[Mockito is currently self-attaching to enable the inline-mock-maker. This will no longer work in future releases of the JDK. Please add Mockito as an agent to your build as described in Mockito's documentation: https://javadoc.io/doc/org.mockito/mockito-core/latest/org.mockito/org/mockito/Mockito.html#0.3
WARNING: A Java agent has been loaded dynamically (/Users/claudiolourenco/.gradle/caches/modules-2/files-2.1/net.bytebuddy/byte-buddy-agent/1.17.6/17b32fd9f57deef02842f7f05abc4ad8127fe34e/byte-buddy-agent-1.17.6.jar)
WARNING: If a serviceability tool is in use, please run with -XX:+EnableDynamicAgentLoading to hide this warning
WARNING: If a serviceability tool is not in use, please run with -Djdk.instrument.traceUsage for more information
WARNING: Dynamic loading of agents will be disallowed by default in a future release
]]></system-err>
</testsuite>
